epoch 0 133694.281250
epoch 1 114316.710938
epoch 2 105416.945312
epoch 3 98198.484375
epoch 4 93121.664062
epoch 5 89230.968750
epoch 6 85758.625000
epoch 7 83381.656250
epoch 8 81209.242188
epoch 9 79599.125000
epoch 10 78126.218750
epoch 11 76942.242188
epoch 12 75691.898438
epoch 13 75684.406250
epoch 14 74286.585938
epoch 15 73561.968750
epoch 16 71830.570312
epoch 17 71121.554688
epoch 18 70696.804688
epoch 19 69083.625000
epoch 20 67280.859375
epoch 21 66040.375000
epoch 22 64112.128906
epoch 23 62578.500000
epoch 24 60409.679688
epoch 25 58815.960938
epoch 26 57272.957031
epoch 27 54922.808594
epoch 28 53670.796875
epoch 29 51401.441406
epoch 30 49875.167969
epoch 31 47318.375000
epoch 32 45203.445312
epoch 33 42399.425781
epoch 34 40245.363281
epoch 35 38451.152344
epoch 36 37454.562500
epoch 37 36161.058594
epoch 38 34773.339844
epoch 39 34008.007812
epoch 40 33119.882812
epoch 41 32397.007812
epoch 42 32028.771484
epoch 43 30823.472656
epoch 44 30467.406250
epoch 45 29732.042969
epoch 46 28917.863281
epoch 47 28400.628906
epoch 48 28169.613281
epoch 49 26963.292969
epoch 50 26674.048828
epoch 51 26123.855469
epoch 52 25348.677734
epoch 53 25194.160156
epoch 54 24866.820312
epoch 55 24060.437500
epoch 56 23989.867188
epoch 57 23427.779297
epoch 58 23118.306641
epoch 59 22701.921875
epoch 60 22424.677734
epoch 61 22207.250000
epoch 62 21644.818359
epoch 63 21393.865234
epoch 64 21325.787109
epoch 65 20815.023438
epoch 66 20306.644531
epoch 67 19981.152344
epoch 68 19832.566406
epoch 69 19755.814453
epoch 70 19251.701172
epoch 71 18952.882812
epoch 72 18739.291016
epoch 73 18262.716797
epoch 74 18368.974609
epoch 75 17846.939453
epoch 76 17383.443359
epoch 77 17043.017578
epoch 78 16908.876953
epoch 79 16348.992188
epoch 80 16040.570312
epoch 81 15807.845703
epoch 82 15569.052734
epoch 83 15195.959961
epoch 84 15042.551758
epoch 85 14283.294922
epoch 86 14300.266602
epoch 87 13794.737305
epoch 88 13713.773438
epoch 89 13418.417969
epoch 90 13196.828125
epoch 91 12929.532227
epoch 92 12585.334961
epoch 93 12151.720703
epoch 94 12203.791992
epoch 95 11933.165039
epoch 96 11630.363281
epoch 97 11431.848633
epoch 98 11339.248047
epoch 99 11031.026367
epoch 100 11082.066406
epoch 101 10670.566406
epoch 102 10541.597656
epoch 103 10458.365234
epoch 104 10083.473633
epoch 105 9964.067383
epoch 106 9847.123047
epoch 107 9628.764648
epoch 108 9612.998047
epoch 109 9653.771484
epoch 110 9485.904297
epoch 111 9287.548828
epoch 112 8885.656250
epoch 113 9056.543945
epoch 114 8949.044922
epoch 115 8724.304688
epoch 116 8768.907227
epoch 117 8584.215820
epoch 118 8419.530273
epoch 119 8220.959961
epoch 120 8320.881836
epoch 121 8165.976562
epoch 122 8121.861328
epoch 123 8056.865723
epoch 124 7765.263184
epoch 125 7830.408203
epoch 126 7573.355957
epoch 127 7680.070801
epoch 128 7468.891602
epoch 129 7431.067871
epoch 130 7482.875977
epoch 131 7346.368164
epoch 132 7162.313965
epoch 133 7103.832031
epoch 134 6972.674316
epoch 135 6924.751465
epoch 136 7045.663574
epoch 137 6974.343262
epoch 138 6913.089844
epoch 139 6718.036133
epoch 140 6786.098633
epoch 141 6668.608398
epoch 142 6677.408203
epoch 143 6618.276855
epoch 144 6620.641113
epoch 145 6349.474609
epoch 146 6512.991211
epoch 147 6631.976074
epoch 148 6409.235352
epoch 149 6111.457520
epoch 150 6191.837891
epoch 151 6142.596680
epoch 152 6101.694336
epoch 153 6040.719727
epoch 154 6017.443848
epoch 155 6014.122070
epoch 156 5997.215332
epoch 157 5878.492188
epoch 158 5888.961426
epoch 159 5730.845703
epoch 160 5810.617188
epoch 161 5779.473145
epoch 162 5670.949219
epoch 163 5648.336914
epoch 164 5560.949219
epoch 165 5579.897949
epoch 166 5601.656738
epoch 167 5720.729980
epoch 168 5648.800293
epoch 169 5533.836914
epoch 170 5304.024414
epoch 171 5396.938965
epoch 172 5346.499023
epoch 173 5372.647461
epoch 174 5358.531250
epoch 175 5225.551758
epoch 176 5274.425781
epoch 177 5319.930664
epoch 178 5059.652344
epoch 179 5009.394043
epoch 180 5130.208496
epoch 181 5053.634277
epoch 182 5014.536621
epoch 183 5001.053711
epoch 184 5023.350098
epoch 185 4981.345703
epoch 186 4945.521484
epoch 187 4988.044922
epoch 188 4941.541504
epoch 189 4875.593262
epoch 190 4839.108887
epoch 191 4760.114258
epoch 192 4729.165039
epoch 193 4694.904297
epoch 194 4744.754395
epoch 195 4603.854492
epoch 196 4626.491211
epoch 197 4712.709473
epoch 198 4607.662598
epoch 199 4608.845703
epoch 200 4733.670898
epoch 201 4665.261230
epoch 202 4501.227539
epoch 203 4663.307617
epoch 204 4635.350098
epoch 205 4428.363281
epoch 206 4496.978027
epoch 207 4444.562988
epoch 208 4427.844238
epoch 209 4279.698730
epoch 210 4337.604004
epoch 211 4197.921875
epoch 212 4366.481934
epoch 213 4307.749512
epoch 214 4360.962891
epoch 215 4388.946777
epoch 216 4246.366211
epoch 217 4278.965332
epoch 218 4153.664062
epoch 219 4141.896973
epoch 220 4144.294434
epoch 221 4218.352051
epoch 222 4204.619629
epoch 223 4096.529297
epoch 224 4113.569336
epoch 225 4105.398438
epoch 226 4116.429688
epoch 227 3998.655518
epoch 228 4165.270508
epoch 229 3963.520996
epoch 230 4042.279297
epoch 231 3987.682617
epoch 232 4066.059326
epoch 233 3982.580078
epoch 234 3981.530762
epoch 235 3927.562256
epoch 236 3856.437500
epoch 237 3898.865479
epoch 238 3861.338867
epoch 239 3919.713623
epoch 240 3788.819092
epoch 241 3748.894043
epoch 242 3791.974609
epoch 243 3808.833740
epoch 244 3719.968994
epoch 245 3897.944092
epoch 246 3774.420898
epoch 247 3745.235352
epoch 248 3833.515137
epoch 249 3769.777100
epoch 250 3722.886475
epoch 251 3776.258545
epoch 252 3752.389404
epoch 253 3707.869141
epoch 254 3646.475586
epoch 255 3611.372070
epoch 256 3698.850586
epoch 257 3611.299072
epoch 258 3578.214111
epoch 259 3450.613770
epoch 260 3481.958740
epoch 261 3591.030273
epoch 262 3581.530762
epoch 263 3526.332031
epoch 264 3573.488281
epoch 265 3580.964111
epoch 266 3599.580811
epoch 267 3519.911133
epoch 268 3503.837158
epoch 269 3541.942627
epoch 270 3467.603516
epoch 271 3454.623047
epoch 272 3417.344482
epoch 273 3421.148438
epoch 274 3517.755127
epoch 275 3302.072021
epoch 276 3390.722168
epoch 277 3364.543213
epoch 278 3318.286865
epoch 279 3367.749023
epoch 280 3278.034180
epoch 281 3309.105957
epoch 282 3283.085449
epoch 283 3271.295654
epoch 284 3212.291016
epoch 285 3320.749268
epoch 286 3247.001953
epoch 287 3173.364502
epoch 288 3234.922852
epoch 289 3135.367188
epoch 290 3252.076904
epoch 291 3185.845703
epoch 292 3176.281738
epoch 293 3140.290527
epoch 294 3147.179688
epoch 295 3141.023438
epoch 296 3203.776123
epoch 297 3045.666992
epoch 298 3131.986572
epoch 299 3167.870605
epoch 300 3089.921143
epoch 301 3132.479004
epoch 302 3104.888672
epoch 303 3076.809570
epoch 304 3159.357910
epoch 305 3002.771729
epoch 306 3043.102051
epoch 307 2968.702148
epoch 308 3051.149414
epoch 309 3094.322266
epoch 310 2999.223145
epoch 311 2943.853516
epoch 312 3120.933594
epoch 313 3149.389404
epoch 314 3032.364014
epoch 315 2980.019775
epoch 316 3046.840820
epoch 317 2915.855469
epoch 318 2896.846436
epoch 319 2938.811768
epoch 320 2876.989990
epoch 321 3005.591553
epoch 322 2954.000000
epoch 323 2992.314453
epoch 324 2875.680420
epoch 325 2971.105225
epoch 326 2967.594727
epoch 327 2847.958252
epoch 328 2927.466797
epoch 329 2926.393066
epoch 330 2916.012207
epoch 331 2905.761963
epoch 332 2899.463379
epoch 333 2793.252441
epoch 334 2915.436523
epoch 335 2862.543457
epoch 336 2921.090332
epoch 337 2892.058350
epoch 338 2837.769531
epoch 339 2807.012939
epoch 340 2821.714355
epoch 341 2860.996582
epoch 342 2746.990234
epoch 343 2925.153076
epoch 344 2787.885498
epoch 345 2743.420166
epoch 346 2836.479004
epoch 347 2736.702637
epoch 348 2739.559082
epoch 349 2713.083984
epoch 350 2716.937500
epoch 351 2820.896729
epoch 352 2762.810791
epoch 353 2741.447021
epoch 354 2687.515137
epoch 355 2771.774902
epoch 356 2660.621826
epoch 357 2722.806396
epoch 358 2707.785156
epoch 359 2732.207031
epoch 360 2735.774170
epoch 361 2653.016113
epoch 362 2629.900879
epoch 363 2645.266602
epoch 364 2633.230713
epoch 365 2576.801270
epoch 366 2745.432373
epoch 367 2633.696289
epoch 368 2581.170410
epoch 369 2640.082031
epoch 370 2630.501709
epoch 371 2637.995117
epoch 372 2606.959229
epoch 373 2567.156494
epoch 374 2627.169678
epoch 375 2576.610107
epoch 376 2653.409180
epoch 377 2565.512695
epoch 378 2658.594238
epoch 379 2568.083496
epoch 380 2703.872803
epoch 381 2608.987061
epoch 382 2550.992432
epoch 383 2600.184814
epoch 384 2578.580078
epoch 385 2493.025879
epoch 386 2570.560791
epoch 387 2538.383301
epoch 388 2588.812012
epoch 389 2536.061035
epoch 390 2651.507568
epoch 391 2576.777344
epoch 392 2498.192139
epoch 393 2605.319824
epoch 394 2542.271729
epoch 395 2531.245361
epoch 396 2607.237549
epoch 397 2483.568848
epoch 398 2534.927246
epoch 399 2548.091797
epoch 400 2556.865234
epoch 401 2542.807129
epoch 402 2428.983643
epoch 403 2523.398193
epoch 404 2472.202148
epoch 405 2528.899414
epoch 406 2613.928955
epoch 407 2529.322021
epoch 408 2459.549561
epoch 409 2455.763428
epoch 410 2533.438721
epoch 411 2469.879395
epoch 412 2466.322754
epoch 413 2480.458984
epoch 414 2515.787842
epoch 415 2482.628906
epoch 416 2404.482178
epoch 417 2418.445557
epoch 418 2468.728027
epoch 419 2394.437744
epoch 420 2380.364746
epoch 421 2444.359131
epoch 422 2499.946045
epoch 423 2449.352295
epoch 424 2470.969971
epoch 425 2387.140381
epoch 426 2539.222168
epoch 427 2374.566406
epoch 428 2395.923828
epoch 429 2436.968262
epoch 430 2344.174316
epoch 431 2466.903809
epoch 432 2278.280273
epoch 433 2392.663086
epoch 434 2419.984375
epoch 435 2425.507324
epoch 436 2420.008301
epoch 437 2347.522461
epoch 438 2411.502686
epoch 439 2420.069824
epoch 440 2383.941162
epoch 441 2359.312012
epoch 442 2367.456299
epoch 443 2292.055420
epoch 444 2305.778076
epoch 445 2405.054932
epoch 446 2353.556641
epoch 447 2423.627686
epoch 448 2385.765381
epoch 449 2393.532227
epoch 450 2297.522949
epoch 451 2361.961182
epoch 452 2262.367188
epoch 453 2277.912842
epoch 454 2286.985840
epoch 455 2276.000732
epoch 456 2399.340332
epoch 457 2313.531006
epoch 458 2312.690674
epoch 459 2337.897461
epoch 460 2207.381836
epoch 461 2283.369873
epoch 462 2305.728027
epoch 463 2320.050537
epoch 464 2250.877441
epoch 465 2312.635498
epoch 466 2292.462158
epoch 467 2303.671875
epoch 468 2172.613770
epoch 469 2277.734619
epoch 470 2294.318604
epoch 471 2235.932129
epoch 472 2226.484131
epoch 473 2185.886719
epoch 474 2274.464844
epoch 475 2168.015137
epoch 476 2263.602051
epoch 477 2203.383301
epoch 478 2186.797119
epoch 479 2247.775146
epoch 480 2142.509033
epoch 481 2229.687256
epoch 482 2181.960205
epoch 483 2257.284668
epoch 484 2229.196777
epoch 485 2114.988037
epoch 486 2162.255127
epoch 487 2205.020752
epoch 488 2192.837402
epoch 489 2169.808594
epoch 490 2211.029053
epoch 491 2121.941406
epoch 492 2209.454834
epoch 493 2124.062500
epoch 494 2271.017578
epoch 495 2169.404297
epoch 496 2091.187500
epoch 497 2190.885010
epoch 498 2208.843262
epoch 499 2181.523193
epoch 500 2165.841797
epoch 501 2201.266357
epoch 502 2235.709229
epoch 503 2107.814697
epoch 504 2077.820068
epoch 505 2158.881836
epoch 506 2119.299072
epoch 507 2207.366211
epoch 508 2173.232666
epoch 509 2162.754883
epoch 510 2170.511230
epoch 511 2107.820068
epoch 512 2068.111328
epoch 513 2152.092285
epoch 514 2198.632568
epoch 515 2025.273560
epoch 516 2138.198486
epoch 517 2172.356689
epoch 518 2092.348145
epoch 519 2075.512451
epoch 520 2137.534912
epoch 521 2091.226074
epoch 522 2164.427979
epoch 523 2179.324463
epoch 524 2088.705811
epoch 525 2170.129883
epoch 526 2089.062012
epoch 527 2047.711914
epoch 528 2163.831543
epoch 529 2053.502197
epoch 530 2127.446045
epoch 531 2105.250977
epoch 532 2048.384033
epoch 533 1994.996460
epoch 534 1987.674561
epoch 535 2115.808838
epoch 536 2040.921997
epoch 537 2045.364380
epoch 538 2053.082031
epoch 539 2019.068970
epoch 540 2032.389648
epoch 541 2042.852051
epoch 542 2069.526123
epoch 543 2010.755371
epoch 544 2059.180176
epoch 545 2008.685181
epoch 546 1949.160034
epoch 547 2075.978760
epoch 548 2004.393921
epoch 549 2048.842773
epoch 550 2053.107910
epoch 551 1959.352539
epoch 552 1983.018555
epoch 553 2022.775757
epoch 554 1976.817017
epoch 555 1925.035889
epoch 556 1963.661987
epoch 557 2023.293091
epoch 558 1984.368530
epoch 559 2043.993286
epoch 560 2043.546753
epoch 561 2001.641357
epoch 562 2008.334595
epoch 563 1980.234741
epoch 564 1984.876587
epoch 565 2021.150879
epoch 566 1977.641479
epoch 567 1934.386597
epoch 568 1946.202148
epoch 569 1942.880981
epoch 570 1997.229126
epoch 571 2002.038818
epoch 572 2001.893188
epoch 573 1932.718628
epoch 574 1960.262451
epoch 575 1931.883179
epoch 576 1980.598267
epoch 577 1948.964600
epoch 578 1895.051514
epoch 579 1954.749146
epoch 580 1941.826660
epoch 581 1952.864258
epoch 582 1987.995972
epoch 583 1938.609985
epoch 584 1919.409668
epoch 585 1944.048950
epoch 586 1937.160278
epoch 587 1904.414429
epoch 588 1983.322998
epoch 589 1912.796143
epoch 590 1926.705811
epoch 591 1902.079224
epoch 592 1881.980347
epoch 593 1868.055054
epoch 594 1922.691162
epoch 595 1941.973389
epoch 596 1965.565430
epoch 597 1941.144897
epoch 598 1862.876099
epoch 599 1817.462769
epoch 600 1834.846069
epoch 601 1929.029541
epoch 602 1897.456665
epoch 603 1980.229126
epoch 604 1843.670044
epoch 605 1861.378784
epoch 606 1827.133301
epoch 607 1855.975220
epoch 608 1822.296143
epoch 609 1885.389771
epoch 610 1876.396606
epoch 611 1883.991699
epoch 612 1933.334351
epoch 613 1935.715698
epoch 614 1870.643677
epoch 615 1828.030762
epoch 616 1802.067261
epoch 617 1870.448975
epoch 618 1817.603394
epoch 619 1829.435669
epoch 620 1883.834473
epoch 621 1769.223999
epoch 622 1883.787842
epoch 623 1812.400146
epoch 624 1856.059448
epoch 625 1806.876587
epoch 626 1864.335571
epoch 627 1816.051758
epoch 628 1792.577515
epoch 629 1834.208862
epoch 630 1849.112305
epoch 631 1838.285278
epoch 632 1871.819458
epoch 633 1852.132568
epoch 634 1805.985840
epoch 635 1791.057373
epoch 636 1829.780273
epoch 637 1829.506104
epoch 638 1785.703979
epoch 639 1865.995361
epoch 640 1807.810059
epoch 641 1804.584595
epoch 642 1887.569702
epoch 643 1796.292603
epoch 644 1810.931396
epoch 645 1748.955811
epoch 646 1810.317505
epoch 647 1859.056152
epoch 648 1835.745605
epoch 649 1803.153564
epoch 650 1740.423218
epoch 651 1799.050293
epoch 652 1711.060791
epoch 653 1757.505371
epoch 654 1817.908569
epoch 655 1739.315430
epoch 656 1734.845215
epoch 657 1787.086182
epoch 658 1787.473267
epoch 659 1812.664551
epoch 660 1740.355957
epoch 661 1718.772827
epoch 662 1792.820557
epoch 663 1816.544067
epoch 664 1772.329102
epoch 665 1768.705566
epoch 666 1713.004639
epoch 667 1774.079468
epoch 668 1738.320068
epoch 669 1716.504395
epoch 670 1766.837891
epoch 671 1788.702881
epoch 672 1776.910522
epoch 673 1722.243408
epoch 674 1785.414429
epoch 675 1710.222900
epoch 676 1792.056396
epoch 677 1714.236816
epoch 678 1768.064575
epoch 679 1785.394897
epoch 680 1772.896362
epoch 681 1739.982300
epoch 682 1699.148926
epoch 683 1720.000244
epoch 684 1751.217041
epoch 685 1754.099609
epoch 686 1703.539307
epoch 687 1790.642578
epoch 688 1740.608154
epoch 689 1784.659424
epoch 690 1767.009766
epoch 691 1759.418579
epoch 692 1694.169922
epoch 693 1730.420044
epoch 694 1749.545044
epoch 695 1670.016968
epoch 696 1695.631958
epoch 697 1725.002197
epoch 698 1695.614624
epoch 699 1678.488281
epoch 700 1746.984253
epoch 701 1702.368286
epoch 702 1692.681641
epoch 703 1733.286865
epoch 704 1723.825439
epoch 705 1663.063477
epoch 706 1721.474976
epoch 707 1715.097290
epoch 708 1729.514893
epoch 709 1696.365967
epoch 710 1691.567627
epoch 711 1708.061768
epoch 712 1713.843018
epoch 713 1737.426636
epoch 714 1700.980225
epoch 715 1653.944824
epoch 716 1710.805908
epoch 717 1716.754517
epoch 718 1696.346069
epoch 719 1654.806030
epoch 720 1660.758423
epoch 721 1688.893311
epoch 722 1726.239258
epoch 723 1697.878784
epoch 724 1710.194946
epoch 725 1637.118774
epoch 726 1679.783569
epoch 727 1640.604004
epoch 728 1720.949829
epoch 729 1652.401733
epoch 730 1704.445801
epoch 731 1686.646362
epoch 732 1661.045410
epoch 733 1665.159546
epoch 734 1643.625977
epoch 735 1665.762695
epoch 736 1643.538696
epoch 737 1618.012451
epoch 738 1651.847656
epoch 739 1618.604736
epoch 740 1646.259644
epoch 741 1674.838135
epoch 742 1662.888306
epoch 743 1672.088257
epoch 744 1699.511230
epoch 745 1666.152466
epoch 746 1624.672485
epoch 747 1594.885742
epoch 748 1636.897705
epoch 749 1675.525391
epoch 750 1610.819824
epoch 751 1653.258911
epoch 752 1591.152466
epoch 753 1671.735596
epoch 754 1538.304443
epoch 755 1592.547363
epoch 756 1613.344727
epoch 757 1605.232544
epoch 758 1672.952026
epoch 759 1633.148071
epoch 760 1692.314331
epoch 761 1642.195190
epoch 762 1628.979980
epoch 763 1622.812988
epoch 764 1661.829590
epoch 765 1638.730225
epoch 766 1599.564331
epoch 767 1607.717773
epoch 768 1605.312500
epoch 769 1612.449707
epoch 770 1619.848511
epoch 771 1633.462036
epoch 772 1562.598267
epoch 773 1614.714111
epoch 774 1613.393799
epoch 775 1601.624512
epoch 776 1620.258301
epoch 777 1575.579224
epoch 778 1651.512207
epoch 779 1548.655151
epoch 780 1630.961304
epoch 781 1625.323730
epoch 782 1608.722290
epoch 783 1634.393677
epoch 784 1625.046387
epoch 785 1529.026245
epoch 786 1601.839111
epoch 787 1586.730469
epoch 788 1610.651611
epoch 789 1619.168579
epoch 790 1591.501831
epoch 791 1628.051147
epoch 792 1594.225708
epoch 793 1616.453125
epoch 794 1630.054932
epoch 795 1526.586548
epoch 796 1579.282471
epoch 797 1625.492065
epoch 798 1613.489380
epoch 799 1539.389771
epoch 800 1624.327515
epoch 801 1598.439209
epoch 802 1587.858887
epoch 803 1595.718384
epoch 804 1541.216431
epoch 805 1565.777466
epoch 806 1577.304199
epoch 807 1571.485840
epoch 808 1566.511475
epoch 809 1625.929810
epoch 810 1530.420288
epoch 811 1621.278687
epoch 812 1586.885376
epoch 813 1586.201294
epoch 814 1589.501465
epoch 815 1557.721558
epoch 816 1539.375732
epoch 817 1478.705566
epoch 818 1606.734985
epoch 819 1533.850586
epoch 820 1573.951050
epoch 821 1532.992798
epoch 822 1514.732910
epoch 823 1541.012329
epoch 824 1531.495728
epoch 825 1553.642090
epoch 826 1512.962158
epoch 827 1530.844849
epoch 828 1590.685913
epoch 829 1578.990479
epoch 830 1572.136108
epoch 831 1476.688965
epoch 832 1570.605835
epoch 833 1588.739868
epoch 834 1559.397339
epoch 835 1521.836792
epoch 836 1487.024292
epoch 837 1528.549072
epoch 838 1539.604370
epoch 839 1546.112915
epoch 840 1556.921021
epoch 841 1506.854492
epoch 842 1563.797241
epoch 843 1545.483643
epoch 844 1614.848511
epoch 845 1537.780884
epoch 846 1515.312134
epoch 847 1538.895508
epoch 848 1476.599243
epoch 849 1522.533447
epoch 850 1518.321289
epoch 851 1460.947998
epoch 852 1544.904541
epoch 853 1562.868774
epoch 854 1572.663574
epoch 855 1543.817505
epoch 856 1507.899902
epoch 857 1508.408447
epoch 858 1556.539429
epoch 859 1545.536865
epoch 860 1453.993530
epoch 861 1455.466919
epoch 862 1529.382324
epoch 863 1529.393066
epoch 864 1521.570557
epoch 865 1439.720093
epoch 866 1459.359009
epoch 867 1525.521606
epoch 868 1468.319946
epoch 869 1523.557617
epoch 870 1528.694580
epoch 871 1534.762207
epoch 872 1460.529419
epoch 873 1474.866455
epoch 874 1487.314331
epoch 875 1486.029907
epoch 876 1502.042847
epoch 877 1528.034668
epoch 878 1479.211060
epoch 879 1531.525269
epoch 880 1495.042480
epoch 881 1465.301758
epoch 882 1486.223633
epoch 883 1524.252319
epoch 884 1535.160156
epoch 885 1485.029663
epoch 886 1510.061035
epoch 887 1495.312134
epoch 888 1514.298828
epoch 889 1508.356445
epoch 890 1493.787354
epoch 891 1463.432739
epoch 892 1483.787354
epoch 893 1506.707764
epoch 894 1507.362671
epoch 895 1442.623413
epoch 896 1438.326538
epoch 897 1413.115601
epoch 898 1472.702271
epoch 899 1448.703979
epoch 900 1549.331421
epoch 901 1504.155884
epoch 902 1515.036865
epoch 903 1499.319092
epoch 904 1514.827515
epoch 905 1537.647339
epoch 906 1416.873047
epoch 907 1473.461426
epoch 908 1477.450439
epoch 909 1443.435547
epoch 910 1485.717773
epoch 911 1520.791504
epoch 912 1423.389282
epoch 913 1483.453369
epoch 914 1465.526733
epoch 915 1519.526733
epoch 916 1473.117432
epoch 917 1494.632935
epoch 918 1483.513184
epoch 919 1491.490479
epoch 920 1386.939087
epoch 921 1460.411011
epoch 922 1491.482788
epoch 923 1455.553101
epoch 924 1433.130249
epoch 925 1441.050537
epoch 926 1478.909424
epoch 927 1472.469360
epoch 928 1444.010132
epoch 929 1485.938843
epoch 930 1460.333740
epoch 931 1489.072632
epoch 932 1456.066772
epoch 933 1484.685303
epoch 934 1456.192139
epoch 935 1418.938721
epoch 936 1465.721313
epoch 937 1404.044922
epoch 938 1447.247681
epoch 939 1412.406494
epoch 940 1505.970581
epoch 941 1412.093628
epoch 942 1418.525391
epoch 943 1480.193726
epoch 944 1367.953857
epoch 945 1446.589722
epoch 946 1451.385986
epoch 947 1435.410156
epoch 948 1423.195190
epoch 949 1394.413696
epoch 950 1394.947388
epoch 951 1406.169189
epoch 952 1444.228516
epoch 953 1387.514526
epoch 954 1451.678467
epoch 955 1443.036987
epoch 956 1457.177002
epoch 957 1462.500610
epoch 958 1410.421265
epoch 959 1378.518677
epoch 960 1484.197388
epoch 961 1452.201050
epoch 962 1433.853760
epoch 963 1424.762207
epoch 964 1393.768555
epoch 965 1449.308960
epoch 966 1461.179688
epoch 967 1438.805542
epoch 968 1414.223999
epoch 969 1419.243408
epoch 970 1442.902466
epoch 971 1468.608276
epoch 972 1409.285156
epoch 973 1434.540405
epoch 974 1432.632812
epoch 975 1458.951050
epoch 976 1490.710693
epoch 977 1408.284058
epoch 978 1414.424438
epoch 979 1446.691772
epoch 980 1347.229126
epoch 981 1383.446777
epoch 982 1381.386841
epoch 983 1465.036987
epoch 984 1439.603271
epoch 985 1350.878784
epoch 986 1482.887085
epoch 987 1426.559448
epoch 988 1407.190308
epoch 989 1414.714355
epoch 990 1417.635742
epoch 991 1441.873535
epoch 992 1404.233521
epoch 993 1388.126831
epoch 994 1358.562500
epoch 995 1414.720947
epoch 996 1410.606934
epoch 997 1309.509155
epoch 998 1445.434204
epoch 999 1409.990112
epoch 0 78.718704
epoch 1 68.553169
epoch 2 66.726440
epoch 3 73.862938
epoch 4 72.766838
epoch 5 65.733810
epoch 6 64.247612
epoch 7 65.799789
epoch 8 68.447365
epoch 9 62.273300
epoch 10 60.178326
epoch 11 61.455235
epoch 12 63.209484
epoch 13 67.822502
epoch 14 75.770058
epoch 15 56.038288
epoch 16 57.358574
epoch 17 62.864464
epoch 18 63.310711
epoch 19 55.787155
epoch 20 60.425415
epoch 21 55.155193
epoch 22 65.100777
epoch 23 62.411701
epoch 24 61.174274
epoch 25 63.997173
epoch 26 64.989647
epoch 27 62.399681
epoch 28 55.953835
epoch 29 59.962585
epoch 30 48.566235
epoch 31 62.923523
epoch 32 55.822086
epoch 33 47.281750
epoch 34 54.834255
epoch 35 56.004047
epoch 36 59.458050
epoch 37 57.151302
epoch 38 51.657951
epoch 39 50.771172
epoch 40 52.044033
epoch 41 45.929382
epoch 42 54.810452
epoch 43 50.786598
epoch 44 43.878288
epoch 45 54.722424
epoch 46 50.207588
epoch 47 56.133663
epoch 48 56.841702
epoch 49 53.927597
epoch 50 53.230434
epoch 51 39.081497
epoch 52 50.063835
epoch 53 50.540031
epoch 54 44.087917
epoch 55 46.045860
epoch 56 52.438770
epoch 57 47.868172
epoch 58 44.502232
epoch 59 57.279625
epoch 60 51.166351
epoch 61 54.577129
epoch 62 50.885513
epoch 63 45.891418
epoch 64 46.892914
epoch 65 53.595146
epoch 66 42.676907
epoch 67 49.367569
epoch 68 52.464123
epoch 69 44.543724
epoch 70 45.325043
epoch 71 47.327068
epoch 72 45.256699
epoch 73 45.049377
epoch 74 43.437458
epoch 75 37.370312
epoch 76 43.439289
epoch 77 51.496685
epoch 78 52.419853
epoch 79 42.371845
epoch 80 41.464771
epoch 81 41.689705
epoch 82 47.370571
epoch 83 43.653824
epoch 84 43.095722
epoch 85 38.608028
epoch 86 48.373283
epoch 87 43.691544
epoch 88 43.358562
epoch 89 40.209808
epoch 90 57.126900
epoch 91 41.876881
epoch 92 41.253288
epoch 93 39.417259
epoch 94 51.459606
epoch 95 41.735809
epoch 96 37.919113
epoch 97 38.795357
epoch 98 50.571297
epoch 99 48.850609
epoch 100 51.373878
epoch 101 41.203827
epoch 102 36.439487
epoch 103 45.145340
epoch 104 45.247135
epoch 105 51.622032
epoch 106 34.096420
epoch 107 47.686886
epoch 108 39.835560
epoch 109 38.019905
epoch 110 41.010838
epoch 111 41.049458
epoch 112 37.776432
epoch 113 42.238682
epoch 114 42.574474
epoch 115 39.635727
epoch 116 46.969715
epoch 117 36.881744
epoch 118 40.385254
epoch 119 35.349388
epoch 120 49.929615
epoch 121 44.459801
epoch 122 43.399612
epoch 123 34.324493
epoch 124 39.359470
epoch 125 40.781521
epoch 126 42.096371
epoch 127 33.685860
epoch 128 39.068653
epoch 129 41.157185
epoch 130 44.075901
epoch 131 37.712029
epoch 132 43.310394
epoch 133 39.679817
epoch 134 40.875179
epoch 135 33.292309
epoch 136 39.078400
epoch 137 41.644634
epoch 138 40.546249
epoch 139 50.910599
epoch 140 35.721874
epoch 141 37.529469
epoch 142 32.146626
epoch 143 37.488159
epoch 144 30.288855
epoch 145 39.258354
epoch 146 37.556423
epoch 147 39.529366
epoch 148 31.876373
epoch 149 28.626339
epoch 150 36.626217
epoch 151 32.519798
epoch 152 39.360676
epoch 153 40.983837
epoch 154 36.155811
epoch 155 43.283401
epoch 156 33.751240
epoch 157 38.539444
epoch 158 41.510426
epoch 159 36.968376
epoch 160 45.948498
epoch 161 39.161896
epoch 162 33.345112
epoch 163 36.589523
epoch 164 34.618103
epoch 165 34.825016
epoch 166 36.950012
epoch 167 39.080044
epoch 168 31.123755
epoch 169 38.802238
epoch 170 32.650482
epoch 171 34.041267
epoch 172 32.175739
epoch 173 39.200317
epoch 174 39.719067
epoch 175 42.381168
epoch 176 33.554398
epoch 177 37.867348
epoch 178 30.724596
epoch 179 36.933586
epoch 180 38.329285
epoch 181 40.233120
epoch 182 42.867432
epoch 183 30.716858
epoch 184 31.324524
epoch 185 32.103596
epoch 186 36.632145
epoch 187 32.612648
epoch 188 29.079460
epoch 189 43.798824
epoch 190 35.775543
epoch 191 29.851021
epoch 192 26.079481
epoch 193 32.021122
epoch 194 29.461166
epoch 195 33.810158
epoch 196 29.782055
epoch 197 43.093391
epoch 198 34.292122
epoch 199 24.143135
epoch 200 34.439667
epoch 201 28.943699
epoch 202 39.429153
epoch 203 33.640656
epoch 204 40.297031
epoch 205 44.640785
epoch 206 35.765003
epoch 207 38.250477
epoch 208 28.184135
epoch 209 36.759518
epoch 210 31.437275
epoch 211 28.137859
epoch 212 39.762241
epoch 213 35.018471
epoch 214 31.190628
epoch 215 32.348209
epoch 216 28.545137
epoch 217 28.192511
epoch 218 43.152145
epoch 219 34.106941
epoch 220 32.947102
epoch 221 33.033104
epoch 222 28.872894
epoch 223 36.462399
epoch 224 33.640366
epoch 225 28.796608
epoch 226 33.387897
epoch 227 30.115088
epoch 228 32.304703
epoch 229 34.862293
epoch 230 34.194023
epoch 231 36.007420
epoch 232 35.907188
epoch 233 36.161427
epoch 234 31.716854
epoch 235 26.279694
epoch 236 32.452583
epoch 237 33.511909
epoch 238 31.826326
epoch 239 26.457077
epoch 240 29.906372
epoch 241 33.687763
epoch 242 35.159966
epoch 243 38.713303
epoch 244 26.305510
epoch 245 33.770882
epoch 246 26.559284
epoch 247 29.689569
epoch 248 30.206863
epoch 249 39.596611
epoch 250 28.936241
epoch 251 29.302296
epoch 252 32.414799
epoch 253 31.650023
epoch 254 30.368622
epoch 255 36.285908
epoch 256 28.042540
epoch 257 35.585369
epoch 258 26.968788
epoch 259 26.898335
epoch 260 25.707064
epoch 261 30.579449
epoch 262 32.029919
epoch 263 30.677254
epoch 264 39.062359
epoch 265 29.324545
epoch 266 25.901018
epoch 267 40.639091
epoch 268 34.947422
epoch 269 36.486923
epoch 270 28.919037
epoch 271 30.630287
epoch 272 24.058876
epoch 273 33.612518
epoch 274 26.476801
epoch 275 32.722340
epoch 276 29.558472
epoch 277 29.343800
epoch 278 35.125626
epoch 279 30.402786
epoch 280 34.895504
epoch 281 29.202848
epoch 282 34.493134
epoch 283 27.081648
epoch 284 27.332397
epoch 285 26.775974
epoch 286 34.490604
epoch 287 34.270496
epoch 288 33.192295
epoch 289 24.077736
epoch 290 23.569706
epoch 291 30.223255
epoch 292 24.605221
epoch 293 40.915810
epoch 294 27.748568
epoch 295 31.443483
epoch 296 25.180206
epoch 297 28.014795
epoch 298 34.198570
epoch 299 23.178402
epoch 300 27.216476
epoch 301 27.106251
epoch 302 24.306068
epoch 303 31.848423
epoch 304 29.976521
epoch 305 37.922226
epoch 306 25.236298
epoch 307 30.289633
epoch 308 25.084625
epoch 309 36.305603
epoch 310 26.436415
epoch 311 36.239681
epoch 312 22.557751
epoch 313 37.503864
epoch 314 28.874043
epoch 315 30.555452
epoch 316 31.710880
epoch 317 29.906034
epoch 318 30.471869
epoch 319 41.977600
epoch 320 34.557632
epoch 321 28.342010
epoch 322 22.762850
epoch 323 30.460020
epoch 324 25.839497
epoch 325 32.042225
epoch 326 29.347702
epoch 327 21.438513
epoch 328 26.235668
epoch 329 32.853245
epoch 330 29.365160
epoch 331 29.721027
epoch 332 24.248455
epoch 333 35.012688
epoch 334 25.085896
epoch 335 31.266750
epoch 336 35.850826
epoch 337 22.490786
epoch 338 29.640379
epoch 339 25.814892
epoch 340 24.362711
epoch 341 31.393557
epoch 342 27.206518
epoch 343 29.848564
epoch 344 28.000586
epoch 345 28.614338
epoch 346 29.576088
epoch 347 28.710524
epoch 348 29.132282
epoch 349 35.196838
epoch 350 34.491890
epoch 351 25.887777
epoch 352 32.884926
epoch 353 27.747986
epoch 354 29.199921
epoch 355 27.535580
epoch 356 29.263590
epoch 357 25.726261
epoch 358 35.570343
epoch 359 39.404858
epoch 360 29.008150
epoch 361 32.953800
epoch 362 29.965208
epoch 363 27.611551
epoch 364 30.550310
epoch 365 24.398548
epoch 366 25.579763
epoch 367 28.971045
epoch 368 24.255129
epoch 369 31.243443
epoch 370 22.788668
epoch 371 20.453249
epoch 372 25.591475
epoch 373 21.895655
epoch 374 31.447596
epoch 375 31.316402
epoch 376 24.316071
epoch 377 21.442827
epoch 378 27.589008
epoch 379 30.690475
epoch 380 30.149368
epoch 381 36.811855
epoch 382 22.239157
epoch 383 27.760349
epoch 384 26.144306
epoch 385 26.399920
epoch 386 29.033821
epoch 387 24.150021
epoch 388 27.859903
epoch 389 25.905220
epoch 390 24.843275
epoch 391 28.532324
epoch 392 20.384817
epoch 393 27.993845
epoch 394 30.765079
epoch 395 22.931952
epoch 396 36.391930
epoch 397 22.156572
epoch 398 23.483524
epoch 399 36.319271
epoch 400 36.500687
epoch 401 31.622135
epoch 402 25.626114
epoch 403 27.370323
epoch 404 31.563429
epoch 405 30.645723
epoch 406 30.495487
epoch 407 31.574482
epoch 408 29.017817
epoch 409 32.524925
epoch 410 25.424776
epoch 411 22.975134
epoch 412 32.385452
epoch 413 31.675432
epoch 414 25.342186
epoch 415 20.095888
epoch 416 23.492819
epoch 417 20.198984
epoch 418 23.356756
epoch 419 20.372862
epoch 420 29.323380
epoch 421 24.957165
epoch 422 31.147432
epoch 423 24.687136
epoch 424 34.074940
epoch 425 31.685141
epoch 426 23.948948
epoch 427 24.692369
epoch 428 31.543617
epoch 429 24.181507
epoch 430 27.674427
epoch 431 27.115118
epoch 432 23.483536
epoch 433 27.579416
epoch 434 15.146467
epoch 435 27.584642
epoch 436 33.315353
epoch 437 25.291286
epoch 438 24.656843
epoch 439 33.536774
epoch 440 31.351732
epoch 441 27.387783
epoch 442 29.176737
epoch 443 31.157988
epoch 444 25.422735
epoch 445 25.984625
epoch 446 23.963324
epoch 447 25.437426
epoch 448 25.705021
epoch 449 25.217947
epoch 450 18.904127
epoch 451 29.703478
epoch 452 28.605793
epoch 453 23.663479
epoch 454 26.766542
epoch 455 24.514637
epoch 456 21.667625
epoch 457 27.709890
epoch 458 21.410280
epoch 459 34.153450
epoch 460 24.081898
epoch 461 33.292271
epoch 462 19.104052
epoch 463 24.186977
epoch 464 24.469570
epoch 465 31.689520
epoch 466 26.980822
epoch 467 24.526743
epoch 468 25.743000
epoch 469 22.283291
epoch 470 25.933235
epoch 471 31.313168
epoch 472 28.875872
epoch 473 23.548946
epoch 474 19.590612
epoch 475 19.156933
epoch 476 26.543423
epoch 477 25.002365
epoch 478 18.738892
epoch 479 23.096743
epoch 480 29.886311
epoch 481 27.974972
epoch 482 26.237724
epoch 483 24.907377
epoch 484 28.306793
epoch 485 27.890028
epoch 486 24.075733
epoch 487 24.405041
epoch 488 24.615240
epoch 489 30.775230
epoch 490 22.022532
epoch 491 27.159233
epoch 492 29.700399
epoch 493 24.953341
epoch 494 37.668930
epoch 495 25.943100
epoch 496 23.105690
epoch 497 21.219669
epoch 498 25.210089
epoch 499 27.209999
epoch 500 27.097515
epoch 501 25.933153
epoch 502 17.159710
epoch 503 24.220150
epoch 504 17.679050
epoch 505 25.229019
epoch 506 27.510225
epoch 507 23.315258
epoch 508 25.569160
epoch 509 22.827789
epoch 510 22.692459
epoch 511 23.396152
epoch 512 23.209190
epoch 513 33.171211
epoch 514 27.724533
epoch 515 20.471050
epoch 516 22.155006
epoch 517 24.239864
epoch 518 20.999002
epoch 519 26.586834
epoch 520 31.397438
epoch 521 20.713337
epoch 522 22.330652
epoch 523 26.924694
epoch 524 24.960566
epoch 525 20.553150
epoch 526 29.359589
epoch 527 25.466866
epoch 528 30.192966
epoch 529 22.375872
epoch 530 32.175285
epoch 531 24.395332
epoch 532 25.477627
epoch 533 20.620064
epoch 534 27.059155
epoch 535 32.977436
epoch 536 25.475361
epoch 537 21.921190
epoch 538 24.045124
epoch 539 18.784336
epoch 540 28.648874
epoch 541 23.527163
epoch 542 22.752096
epoch 543 25.525141
epoch 544 22.227652
epoch 545 27.385611
epoch 546 21.387211
epoch 547 23.973860
epoch 548 22.232603
epoch 549 21.034540
epoch 550 22.237961
epoch 551 22.763493
epoch 552 27.060575
epoch 553 23.166508
epoch 554 29.910410
epoch 555 29.891058
epoch 556 16.886518
epoch 557 27.212271
epoch 558 27.432283
epoch 559 22.703100
epoch 560 22.351561
epoch 561 18.973761
epoch 562 26.449701
epoch 563 20.971291
epoch 564 25.744875
epoch 565 19.613567
epoch 566 24.932724
epoch 567 22.465666
epoch 568 21.340202
epoch 569 24.067127
epoch 570 26.112394
epoch 571 25.596357
epoch 572 19.970737
epoch 573 19.873203
epoch 574 22.173010
epoch 575 23.233841
epoch 576 28.666368
epoch 577 23.988388
epoch 578 22.655220
epoch 579 18.595133
epoch 580 21.067181
epoch 581 16.401579
epoch 582 22.051586
epoch 583 23.346642
epoch 584 29.402828
epoch 585 25.952606
epoch 586 26.197657
epoch 587 27.157772
epoch 588 21.020725
epoch 589 24.143671
epoch 590 18.862389
epoch 591 21.556753
epoch 592 22.713037
epoch 593 20.274702
epoch 594 23.205473
epoch 595 23.844046
epoch 596 19.800529
epoch 597 24.074656
epoch 598 19.759033
epoch 599 24.004274
epoch 600 27.197596
epoch 601 23.744011
epoch 602 19.115841
epoch 603 23.360764
epoch 604 22.780766
epoch 605 16.594660
epoch 606 23.317614
epoch 607 23.662363
epoch 608 15.308274
epoch 609 21.838346
epoch 610 28.859159
epoch 611 22.685083
epoch 612 23.765785
epoch 613 23.323664
epoch 614 25.836330
epoch 615 25.098755
epoch 616 30.508310
epoch 617 23.401775
epoch 618 18.454256
epoch 619 27.632866
epoch 620 24.453569
epoch 621 21.230825
epoch 622 20.551237
epoch 623 20.091713
epoch 624 31.295973
epoch 625 24.638130
epoch 626 26.561537
epoch 627 17.204685
epoch 628 24.601959
epoch 629 27.418095
epoch 630 20.688696
epoch 631 21.138988
epoch 632 24.455441
epoch 633 19.516808
epoch 634 18.591751
epoch 635 24.354229
epoch 636 29.666935
epoch 637 23.958025
epoch 638 19.028843
epoch 639 24.430794
epoch 640 20.866709
epoch 641 22.365974
epoch 642 30.060438
epoch 643 19.086533
epoch 644 24.552452
epoch 645 19.973156
epoch 646 25.008003
epoch 647 29.918009
epoch 648 23.138451
epoch 649 18.164997
epoch 650 21.332300
epoch 651 17.193764
epoch 652 28.040289
epoch 653 22.116558
epoch 654 19.720209
epoch 655 21.141710
epoch 656 19.445545
epoch 657 22.700714
epoch 658 23.107807
epoch 659 23.832010
epoch 660 21.312130
epoch 661 26.980406
epoch 662 27.046415
epoch 663 22.284986
epoch 664 24.922367
epoch 665 22.174519
epoch 666 26.769386
epoch 667 21.312286
epoch 668 21.825779
epoch 669 19.778769
epoch 670 27.737656
epoch 671 15.647382
epoch 672 22.446190
epoch 673 24.805994
epoch 674 18.362020
epoch 675 17.037415
epoch 676 20.165409
epoch 677 21.075048
epoch 678 22.368763
epoch 679 15.914627
epoch 680 23.996229
epoch 681 19.907280
epoch 682 19.043898
epoch 683 23.382265
epoch 684 26.569347
epoch 685 19.693544
epoch 686 21.558649
epoch 687 31.750650
epoch 688 19.488380
epoch 689 18.775646
epoch 690 18.933491
epoch 691 16.383043
epoch 692 20.978619
epoch 693 24.443199
epoch 694 19.682659
epoch 695 25.111557
epoch 696 16.175694
epoch 697 20.704872
epoch 698 17.252037
epoch 699 19.557156
epoch 700 29.046036
epoch 701 17.261311
epoch 702 22.636410
epoch 703 20.162037
epoch 704 26.650625
epoch 705 28.025127
epoch 706 27.801853
epoch 707 20.490585
epoch 708 17.749107
epoch 709 31.389833
epoch 710 24.568026
epoch 711 20.993877
epoch 712 22.196026
epoch 713 18.099833
epoch 714 17.280880
epoch 715 20.920717
epoch 716 23.366423
epoch 717 26.041878
epoch 718 20.496365
epoch 719 26.136042
epoch 720 24.833405
epoch 721 28.455578
epoch 722 22.319908
epoch 723 26.476547
epoch 724 22.193577
epoch 725 21.911964
epoch 726 25.611282
epoch 727 21.411579
epoch 728 23.476206
epoch 729 16.911161
epoch 730 26.273232
epoch 731 18.899601
epoch 732 23.229765
epoch 733 24.067797
epoch 734 29.245083
epoch 735 24.420435
epoch 736 22.173923
epoch 737 23.180315
epoch 738 26.295307
epoch 739 21.068497
epoch 740 20.497725
epoch 741 19.146496
epoch 742 20.390953
epoch 743 26.429098
epoch 744 31.348991
epoch 745 21.822552
epoch 746 23.424829
epoch 747 25.071016
epoch 748 24.183277
epoch 749 20.721764
epoch 750 26.340940
epoch 751 21.427673
epoch 752 17.860420
epoch 753 24.761169
epoch 754 23.995358
epoch 755 15.324441
epoch 756 16.398243
epoch 757 20.747337
epoch 758 21.682957
epoch 759 20.131836
epoch 760 21.680334
epoch 761 16.082785
epoch 762 20.031267
epoch 763 20.230679
epoch 764 20.510500
epoch 765 25.673431
epoch 766 23.126020
epoch 767 19.583506
epoch 768 18.922590
epoch 769 18.283205
epoch 770 15.091938
epoch 771 22.173916
epoch 772 23.149120
epoch 773 20.429508
epoch 774 26.097893
epoch 775 22.209091
epoch 776 18.300001
epoch 777 31.212502
epoch 778 27.322380
epoch 779 24.160179
epoch 780 21.916695
epoch 781 24.361073
epoch 782 20.424713
epoch 783 26.917379
epoch 784 27.438612
epoch 785 18.897999
epoch 786 19.808319
epoch 787 27.511597
epoch 788 27.116180
epoch 789 22.230885
epoch 790 24.803185
epoch 791 22.318834
epoch 792 17.844965
epoch 793 22.537310
epoch 794 19.780022
epoch 795 19.441540
epoch 796 22.504108
epoch 797 16.064873
epoch 798 21.734898
epoch 799 28.953753
epoch 800 20.527143
epoch 801 17.862539
epoch 802 21.311052
epoch 803 26.248423
epoch 804 19.493492
epoch 805 17.276808
epoch 806 21.996428
epoch 807 16.993229
epoch 808 24.791359
epoch 809 17.816507
epoch 810 16.371941
epoch 811 25.994825
epoch 812 20.839119
epoch 813 22.908928
epoch 814 28.293760
epoch 815 18.767845
epoch 816 31.905584
epoch 817 22.927692
epoch 818 29.439810
epoch 819 20.159685
epoch 820 31.217369
epoch 821 19.498049
epoch 822 19.677607
epoch 823 21.155861
epoch 824 19.338644
epoch 825 17.112999
epoch 826 20.475540
epoch 827 23.352892
epoch 828 20.957006
epoch 829 17.714689
epoch 830 27.681368
epoch 831 23.288284
epoch 832 19.478456
epoch 833 23.688335
epoch 834 20.169847
epoch 835 21.476429
epoch 836 27.893826
epoch 837 20.622704
epoch 838 17.422623
epoch 839 21.082087
epoch 840 21.826263
epoch 841 21.005657
epoch 842 15.294183
epoch 843 27.722393
epoch 844 26.228657
epoch 845 21.338444
epoch 846 24.375130
epoch 847 21.822102
epoch 848 18.258320
epoch 849 18.924929
epoch 850 26.450054
epoch 851 29.906464
epoch 852 26.636042
epoch 853 20.227104
epoch 854 20.465717
epoch 855 27.847382
epoch 856 19.750917
epoch 857 26.381107
epoch 858 17.116121
epoch 859 18.430296
epoch 860 18.099482
epoch 861 22.525831
epoch 862 24.956081
epoch 863 25.417854
epoch 864 20.756165
epoch 865 15.819946
epoch 866 18.249008
epoch 867 15.928355
epoch 868 18.575895
epoch 869 19.562681
epoch 870 25.127460
epoch 871 18.909962
epoch 872 19.645388
epoch 873 27.297001
epoch 874 20.011362
epoch 875 17.360519
epoch 876 25.017921
epoch 877 22.061073
epoch 878 29.178368
epoch 879 19.555189
epoch 880 22.721062
epoch 881 20.772942
epoch 882 19.897831
epoch 883 19.601803
epoch 884 21.852596
epoch 885 23.895252
epoch 886 19.608696
epoch 887 22.289936
epoch 888 26.934587
epoch 889 18.525385
epoch 890 24.655121
epoch 891 20.621046
epoch 892 20.575527
epoch 893 19.308638
epoch 894 22.877638
epoch 895 18.081692
epoch 896 23.310871
epoch 897 27.972363
epoch 898 19.658697
epoch 899 14.940333
epoch 900 18.930056
epoch 901 22.449291
epoch 902 16.962683
epoch 903 18.971640
epoch 904 17.717091
epoch 905 24.597506
epoch 906 22.158003
epoch 907 20.764187
epoch 908 18.850201
epoch 909 14.189114
epoch 910 26.838684
epoch 911 19.510775
epoch 912 19.735567
epoch 913 16.419537
epoch 914 20.307854
epoch 915 32.640537
epoch 916 16.452654
epoch 917 28.523520
epoch 918 19.477293
epoch 919 17.003952
epoch 920 24.329437
epoch 921 19.505520
epoch 922 14.163596
epoch 923 16.235321
epoch 924 18.511848
epoch 925 21.590952
epoch 926 25.874775
epoch 927 10.145884
epoch 928 28.595179
epoch 929 28.220060
epoch 930 19.487749
epoch 931 13.334771
epoch 932 21.685200
epoch 933 20.419436
epoch 934 23.219917
epoch 935 23.342804
epoch 936 17.363235
epoch 937 14.130224
epoch 938 14.522225
epoch 939 23.573423
epoch 940 24.416281
epoch 941 17.991693
epoch 942 18.174366
epoch 943 21.608681
epoch 944 23.380802
epoch 945 17.789330
epoch 946 14.579178
epoch 947 24.877502
epoch 948 18.964855
epoch 949 27.940762
epoch 950 22.076395
epoch 951 16.601931
epoch 952 21.955595
epoch 953 19.716721
epoch 954 17.935431
epoch 955 19.640224
epoch 956 11.553858
epoch 957 20.284113
epoch 958 19.497803
epoch 959 18.773256
epoch 960 22.624561
epoch 961 23.110754
epoch 962 15.326617
epoch 963 15.101440
epoch 964 15.999635
epoch 965 14.939897
epoch 966 29.505175
epoch 967 21.362047
epoch 968 19.857742
epoch 969 21.713383
epoch 970 16.439060
epoch 971 15.584595
epoch 972 18.680206
epoch 973 19.077368
epoch 974 14.555348
epoch 975 20.587782
epoch 976 24.691576
epoch 977 18.592573
epoch 978 15.605652
epoch 979 23.107500
epoch 980 20.595900
epoch 981 25.031353
epoch 982 16.518480
epoch 983 17.108950
epoch 984 20.417116
epoch 985 21.031870
epoch 986 20.598858
epoch 987 17.101316
epoch 988 23.741484
epoch 989 19.574232
epoch 990 18.669537
epoch 991 23.300774
epoch 992 27.808203
epoch 993 24.003693
epoch 994 15.727153
epoch 995 24.235933
epoch 996 15.114822
epoch 997 17.052040
epoch 998 20.499645
epoch 999 19.651348
