inin start
inin done
load start
load done
epoch 0 5673558.000000
epoch 1 1788195.750000
epoch 2 1171685.250000
epoch 3 888244.875000
epoch 4 711778.687500
epoch 5 599676.937500
epoch 6 512449.718750
epoch 7 449293.875000
epoch 8 401714.093750
epoch 9 363723.593750
epoch 10 327766.531250
epoch 11 303980.906250
epoch 12 281494.843750
epoch 13 260213.921875
epoch 14 247271.015625
epoch 15 230368.187500
epoch 16 213810.500000
epoch 17 202619.109375
epoch 18 192251.375000
epoch 19 182085.390625
epoch 20 174691.078125
epoch 21 168751.140625
epoch 22 161189.093750
epoch 23 152138.703125
epoch 24 145598.750000
epoch 25 141339.343750
epoch 26 137630.296875
epoch 27 132114.906250
epoch 28 128553.289062
epoch 29 124978.906250
epoch 30 119553.765625
epoch 31 112713.406250
epoch 32 112396.085938
epoch 33 109594.820312
epoch 34 106503.828125
epoch 35 103740.890625
epoch 36 102425.945312
epoch 37 98158.835938
epoch 38 94619.062500
epoch 39 93165.289062
epoch 40 89916.281250
epoch 41 87382.679688
epoch 42 87166.390625
epoch 43 83882.835938
epoch 44 81224.968750
epoch 45 82082.164062
epoch 46 80523.046875
epoch 47 78471.414062
epoch 48 76524.640625
epoch 49 74398.320312
epoch 50 74702.539062
epoch 51 72168.375000
epoch 52 70891.171875
epoch 53 69469.656250
epoch 54 67553.406250
epoch 55 66203.960938
epoch 56 65380.339844
epoch 57 65538.046875
epoch 58 64377.175781
epoch 59 63327.542969
epoch 60 61724.265625
epoch 61 60410.980469
epoch 62 59062.722656
epoch 63 59101.046875
epoch 64 58281.769531
epoch 65 57575.320312
epoch 66 56911.132812
epoch 67 55807.421875
epoch 68 54849.496094
epoch 69 53600.839844
epoch 70 52733.457031
epoch 71 52555.894531
epoch 72 52443.632812
epoch 73 51102.863281
epoch 74 50658.953125
epoch 75 49911.781250
epoch 76 48133.945312
epoch 77 48707.101562
epoch 78 47960.628906
epoch 79 47067.812500
epoch 80 47669.859375
epoch 81 46744.742188
epoch 82 45969.835938
epoch 83 45001.593750
epoch 84 44961.265625
epoch 85 43862.078125
epoch 86 42911.363281
epoch 87 44234.128906
epoch 88 43026.492188
epoch 89 42268.207031
epoch 90 41733.000000
epoch 91 41371.476562
epoch 92 41748.230469
epoch 93 40392.390625
epoch 94 40454.148438
epoch 95 40208.574219
epoch 96 40671.949219
epoch 97 38907.566406
epoch 98 38889.992188
epoch 99 38304.742188
epoch 100 38185.750000
epoch 101 37630.519531
epoch 102 37371.273438
epoch 103 37039.140625
epoch 104 37203.449219
epoch 105 36884.890625
epoch 106 36644.757812
epoch 107 36859.417969
epoch 108 35815.695312
epoch 109 35399.824219
epoch 110 35758.179688
epoch 111 34815.617188
epoch 112 34638.492188
epoch 113 35203.175781
epoch 114 33718.859375
epoch 115 33861.085938
epoch 116 33518.882812
epoch 117 33139.824219
epoch 118 33318.769531
epoch 119 33036.507812
epoch 120 32687.082031
epoch 121 32437.011719
epoch 122 31750.111328
epoch 123 31605.296875
epoch 124 31944.630859
epoch 125 31296.925781
epoch 126 31437.687500
epoch 127 30851.931641
epoch 128 31077.919922
epoch 129 29660.513672
epoch 130 29738.718750
epoch 131 30481.435547
epoch 132 29810.371094
epoch 133 29661.712891
epoch 134 29637.621094
epoch 135 29255.958984
epoch 136 28688.583984
epoch 137 28599.687500
epoch 138 28576.615234
epoch 139 28426.833984
epoch 140 27989.716797
epoch 141 27915.042969
epoch 142 28096.759766
epoch 143 27658.945312
epoch 144 28158.261719
epoch 145 27700.101562
epoch 146 27315.447266
epoch 147 27075.390625
epoch 148 27593.808594
epoch 149 26428.943359
epoch 150 27234.125000
epoch 151 27045.285156
epoch 152 26928.998047
epoch 153 26900.785156
epoch 154 26160.986328
epoch 155 26142.472656
epoch 156 26042.128906
epoch 157 25693.736328
epoch 158 25877.265625
epoch 159 25447.906250
epoch 160 25397.761719
epoch 161 25184.845703
epoch 162 25129.636719
epoch 163 24753.205078
epoch 164 24864.437500
epoch 165 24478.152344
epoch 166 24925.980469
epoch 167 25339.507812
epoch 168 24373.775391
epoch 169 24590.179688
epoch 170 24571.298828
epoch 171 24255.248047
epoch 172 23848.416016
epoch 173 23446.996094
epoch 174 23593.951172
epoch 175 24063.296875
epoch 176 23404.031250
epoch 177 23281.964844
epoch 178 22896.310547
epoch 179 23126.324219
epoch 180 23107.224609
epoch 181 22707.322266
epoch 182 22747.384766
epoch 183 22452.929688
epoch 184 22227.373047
epoch 185 22397.171875
epoch 186 22520.445312
epoch 187 22524.431641
epoch 188 22474.126953
epoch 189 22371.750000
epoch 190 22030.234375
epoch 191 21871.380859
epoch 192 21794.878906
epoch 193 21601.263672
epoch 194 21829.849609
epoch 195 21575.691406
epoch 196 21174.328125
epoch 197 21135.462891
epoch 198 21083.576172
epoch 199 20928.285156
epoch 200 20867.755859
epoch 201 20993.861328
epoch 202 20794.957031
epoch 203 20618.759766
epoch 204 20796.283203
epoch 205 20497.337891
epoch 206 20688.531250
epoch 207 20431.648438
epoch 208 20381.904297
epoch 209 19980.787109
epoch 210 20095.880859
epoch 211 20603.675781
epoch 212 19540.054688
epoch 213 19707.121094
epoch 214 19993.404297
epoch 215 19669.427734
epoch 216 19532.082031
epoch 217 19704.460938
epoch 218 19616.728516
epoch 219 19807.525391
epoch 220 19615.724609
epoch 221 19362.419922
epoch 222 19316.042969
epoch 223 19497.908203
epoch 224 18996.402344
epoch 225 19383.097656
epoch 226 18951.748047
epoch 227 19300.292969
epoch 228 19070.441406
epoch 229 18712.824219
epoch 230 18874.146484
epoch 231 18432.035156
epoch 232 18526.169922
epoch 233 18698.193359
epoch 234 18566.298828
epoch 235 18706.312500
epoch 236 18299.451172
epoch 237 18204.857422
epoch 238 18390.916016
epoch 239 18260.568359
epoch 240 18112.767578
epoch 241 18163.429688
epoch 242 17879.066406
epoch 243 18468.619141
epoch 244 17980.240234
epoch 245 17932.294922
epoch 246 17731.507812
epoch 247 17829.996094
epoch 248 17797.126953
epoch 249 17740.373047
epoch 250 17626.958984
epoch 251 17975.902344
epoch 252 17662.623047
epoch 253 17374.675781
epoch 254 17322.462891
epoch 255 17321.074219
epoch 256 17375.800781
epoch 257 17124.445312
epoch 258 17455.261719
epoch 259 17238.453125
epoch 260 17176.525391
epoch 261 17315.742188
epoch 262 17214.781250
epoch 263 17089.761719
epoch 264 16978.121094
epoch 265 16667.949219
epoch 266 16651.841797
epoch 267 16779.185547
epoch 268 16554.750000
epoch 269 16405.416016
epoch 270 16803.966797
epoch 271 16668.927734
epoch 272 16488.871094
epoch 273 16458.929688
epoch 274 16551.037109
epoch 275 16366.641602
epoch 276 16662.464844
epoch 277 16209.863281
epoch 278 16236.710938
epoch 279 16386.009766
epoch 280 16479.113281
epoch 281 16093.744141
epoch 282 16360.062500
epoch 283 16041.141602
epoch 284 16085.418945
epoch 285 16080.666992
epoch 286 15925.583008
epoch 287 15613.587891
epoch 288 15846.625977
epoch 289 15674.569336
epoch 290 15895.415039
epoch 291 15503.092773
epoch 292 15547.856445
epoch 293 15705.432617
epoch 294 15496.535156
epoch 295 15524.443359
epoch 296 15603.605469
epoch 297 15481.532227
epoch 298 15376.378906
epoch 299 15546.500977
epoch 300 15340.166992
epoch 301 15193.543945
epoch 302 15498.684570
epoch 303 15234.238281
epoch 304 15253.707031
epoch 305 15056.429688
epoch 306 14916.068359
epoch 307 15097.718750
epoch 308 15149.750000
epoch 309 15255.368164
epoch 310 15091.731445
epoch 311 15040.023438
epoch 312 14993.440430
epoch 313 15074.874023
epoch 314 14725.405273
epoch 315 14837.200195
epoch 316 14685.491211
epoch 317 14613.276367
epoch 318 14461.044922
epoch 319 14497.174805
epoch 320 14256.171875
epoch 321 14666.130859
epoch 322 14409.551758
epoch 323 14669.689453
epoch 324 14336.655273
epoch 325 14352.144531
epoch 326 14835.322266
epoch 327 14283.023438
epoch 328 14760.342773
epoch 329 14208.836914
epoch 330 14315.833984
epoch 331 14482.283203
epoch 332 14203.178711
epoch 333 14188.599609
epoch 334 14256.258789
epoch 335 14162.874023
epoch 336 14217.810547
epoch 337 13916.293945
epoch 338 13958.932617
epoch 339 13995.808594
epoch 340 14052.665039
epoch 341 13951.582031
epoch 342 14331.093750
epoch 343 13837.957031
epoch 344 14072.799805
epoch 345 13890.699219
epoch 346 13898.953125
epoch 347 13650.734375
epoch 348 13773.399414
epoch 349 13776.442383
epoch 350 13905.642578
epoch 351 13963.950195
epoch 352 13998.412109
epoch 353 13703.876953
epoch 354 13684.904297
epoch 355 13598.455078
epoch 356 13759.544922
epoch 357